<?xml version="1.0" encoding="UTF-8"?>
<testng-results ignored="0" total="1" passed="1" failed="0" skipped="0">
  <reporter-output>
  </reporter-output>
  <suite started-at="2024-01-28T13:17:41 IST" name="Default suite" finished-at="2024-01-28T13:18:02 IST" duration-ms="20370">
    <groups>
    </groups>
    <test started-at="2024-01-28T13:17:41 IST" name="Default test" finished-at="2024-01-28T13:18:02 IST" duration-ms="20370">
      <class name="browser.Chrome.Test1_Chrome">
        <test-method signature="sdPage()[pri:0, instance:browser.Chrome.Test1_Chrome@60bd273d]" started-at="2024-01-28T13:17:41 IST" name="sdPage" finished-at="2024-01-28T13:18:02 IST" duration-ms="20250" status="PASS">
          <reporter-output>
          </reporter-output>
        </test-method> <!-- sdPage -->
      </class> <!-- browser.Chrome.Test1_Chrome -->
    </test> <!-- Default test -->
  </suite> <!-- Default suite -->
</testng-results>
